2020-09-14 10:09:32-log: [Package] builder@1.0.0 enable
2020-09-14 10:09:32-log: [Package] lightmap@1.0.0 enable
2020-09-14 10:09:32-log: [Package] alipay-mini-game@1.0.0 enable
2020-09-14 10:09:32-log: [Package] android@1.0.0 enable
2020-09-14 10:09:32-log: [Package] baidu-mini-game@1.0.0 enable
2020-09-14 10:09:32-log: [Package] bytedance-mini-game@1.0.0 enable
2020-09-14 10:09:32-log: [Package] cocos-play@1.0.0 enable
2020-09-14 10:09:32-log: [Package] huawei-mini-game@1.0.0 enable
2020-09-14 10:09:32-log: [Package] ios@1.0.0 enable
2020-09-14 10:09:32-log: [Package] oppo-mini-game@1.0.0 enable
2020-09-14 10:09:32-log: [Package] vivo-mini-game@1.0.0 enable
2020-09-14 10:09:32-log: [Package] web-desktop@1.0.0 enable
2020-09-14 10:09:32-log: [Package] wechatgame@1.0.0 enable
2020-09-14 10:09:32-log: [Package] windows@1.0.0 enable
2020-09-14 10:09:32-log: [Package] xiaomi-quick-game@1.0.0 enable
2020-09-14 10:09:32-log: [Package] native@1.0.0 enable
2020-09-14 10:09:32-log: [Package] mac@1.0.0 enable
2020-09-14 10:09:32-log: [Package] web-mobile@1.0.0 enable
2020-09-14 10:09:29-log: [Package] ui-kit@1.0.0 enable
2020-09-14 10:09:31-log: [Package] engine@1.0.0 enable
2020-09-14 10:09:31-log: [Package] asset-db@1.0.0 enable
2020-09-14 10:09:31-log: [Package] console@1.0.0 enable
2020-09-14 10:09:31-log: [Package] scene@1.0.0 enable
2020-09-14 10:09:31-log: [Package] packager@1.0.0 enable
2020-09-14 10:09:31-log: [Package] project-setting@1.0.0 enable
2020-09-14 10:09:31-log: [Package] about@1.0.0 enable
2020-09-14 10:09:31-log: [Package] server@1.0.0 enable
2020-09-14 10:09:31-log: [Package] utils@1.0.0 enable
2020-09-14 10:09:31-log: [Package] profile@1.0.0 enable
2020-09-14 10:09:31-log: [Package] assets@1.0.0 enable
2020-09-14 10:09:31-log: [Package] inspector@1.0.0 enable
2020-09-14 10:09:31-log: [Package] hierarchy@1.0.0 enable
2020-09-14 10:09:31-log: [Package] preview@1.0.0 enable
2020-09-14 10:09:31-log: [Package] animator@1.0.0 enable
2020-09-14 10:09:32-log: [Package] builder@1.0.0 enable
2020-09-14 10:09:32-log: [Package] lightmap@1.0.0 enable
2020-09-14 10:09:32-log: [Package] alipay-mini-game@1.0.0 enable
2020-09-14 10:09:32-log: [Package] android@1.0.0 enable
2020-09-14 10:09:32-log: [Package] bytedance-mini-game@1.0.0 enable
2020-09-14 10:09:32-log: [Package] baidu-mini-game@1.0.0 enable
2020-09-14 10:09:32-log: [Package] cocos-play@1.0.0 enable
2020-09-14 10:09:32-log: [Package] huawei-mini-game@1.0.0 enable
2020-09-14 10:09:32-log: [Package] ios@1.0.0 enable
2020-09-14 10:09:32-log: [Package] mac@1.0.0 enable
2020-09-14 10:09:32-log: [Package] native@1.0.0 enable
2020-09-14 10:09:32-log: [Package] oppo-mini-game@1.0.0 enable
2020-09-14 10:09:32-log: [Package] vivo-mini-game@1.0.0 enable
2020-09-14 10:09:32-log: [Package] web-desktop@1.0.0 enable
2020-09-14 10:09:32-log: [Package] web-mobile@1.0.0 enable
2020-09-14 10:09:32-log: [Package] wechatgame@1.0.0 enable
2020-09-14 10:09:32-log: [Package] windows@1.0.0 enable
2020-09-14 10:09:32-log: [Package] xiaomi-quick-game@1.0.0 enable
2020-09-14 10:09:29-log: [Package] ipc@1.0.0 enable
2020-09-14 10:09:29-log: [Package] preferences@1.0.0 enable
2020-09-14 10:09:29-log: [Package] tester@1.0.0 enable
2020-09-14 10:09:37-warn: [Asset DB] Browserslist: caniuse-lite is outdated. Please run the following command: `npx browserslist --update-db`
2020-09-14 10:21:15-warn: [Build] The loading url of asset {asset(e26d8617-e627-4a91-99c2-09d0f555cb17)} and asset {asset(8199f3c7-55e1-415c-a332-d317ce696069)} are the same, that will affect the correctness of loading resource in script. Please adjust the resource directory structure in time.If the resource is not loaded in the script, it can be ignored. common/skybox/Sky_07/Sky0000
2020-09-14 10:21:15-warn: [Build] The loading url of asset {asset(e26d8617-e627-4a91-99c2-09d0f555cb17@6c48a)} and asset {asset(8199f3c7-55e1-415c-a332-d317ce696069@6c48a)} are the same, that will affect the correctness of loading resource in script. Please adjust the resource directory structure in time.If the resource is not loaded in the script, it can be ignored. common/skybox/Sky_07/Sky0000/texture
